Using pre-set license
Built from '2021.3/release' branch; Version is '2021.3.28f1 (232e59c3f087) revision 2305625'; Using compiler version '192829333'; Build Type 'Release'
OS: 'Windows 11  (10.0.22621) 64bit Core' Language: 'en' Physical Memory: 14188 MB
BatchMode: 1, IsHumanControllingUs: 0, StartBugReporterOnCrash: 0, Is64bit: 1, IsPro: 1

COMMAND LINE ARGUMENTS:
C:\Program Files\Unity\Hub\Editor\2021.3.28f1\Editor\Unity.exe
-adb2
-batchMode
-noUpm
-name
AssetImportWorker1
-projectPath
C:/Users/missa/OneDrive/Documents/GitHub/mobile-design-resub-2/resub 2
-logFile
Logs/AssetImportWorker1.log
-srvPort
57097
Successfully changed project path to: C:/Users/missa/OneDrive/Documents/GitHub/mobile-design-resub-2/resub 2
C:/Users/missa/OneDrive/Documents/GitHub/mobile-design-resub-2/resub 2
[UnityMemory] Configuration Parameters - Can be set up in boot.config
    "memorysetup-bucket-allocator-granularity=16"
    "memorysetup-bucket-allocator-bucket-count=8"
    "memorysetup-bucket-allocator-block-size=33554432"
    "memorysetup-bucket-allocator-block-count=8"
    "memorysetup-main-allocator-block-size=16777216"
    "memorysetup-thread-allocator-block-size=16777216"
    "memorysetup-gfx-main-allocator-block-size=16777216"
    "memorysetup-gfx-thread-allocator-block-size=16777216"
    "memorysetup-cache-allocator-block-size=4194304"
    "memorysetup-typetree-allocator-block-size=2097152"
    "memorysetup-profiler-bucket-allocator-granularity=16"
    "memorysetup-profiler-bucket-allocator-bucket-count=8"
    "memorysetup-profiler-bucket-allocator-block-size=33554432"
    "memorysetup-profiler-bucket-allocator-block-count=8"
    "memorysetup-profiler-allocator-block-size=16777216"
    "memorysetup-profiler-editor-allocator-block-size=1048576"
    "memorysetup-temp-allocator-size-main=16777216"
    "memorysetup-job-temp-allocator-block-size=2097152"
    "memorysetup-job-temp-allocator-block-size-background=1048576"
    "memorysetup-job-temp-allocator-reduction-small-platforms=262144"
    "memorysetup-temp-allocator-size-background-worker=32768"
    "memorysetup-temp-allocator-size-job-worker=262144"
    "memorysetup-temp-allocator-size-preload-manager=33554432"
    "memorysetup-temp-allocator-size-nav-mesh-worker=65536"
    "memorysetup-temp-allocator-size-audio-worker=65536"
    "memorysetup-temp-allocator-size-cloud-worker=32768"
    "memorysetup-temp-allocator-size-gi-baking-worker=262144"
    "memorysetup-temp-allocator-size-gfx=262144"
Player connection [10884] Host "[IP] 192.168.1.151 [Port] 0 [Flags] 2 [Guid] 2184264242 [EditorId] 2184264242 [Version] 1048832 [Id] WindowsEditor(7,Illys-Legion-5) [Debug] 1 [PackageName] WindowsEditor [ProjectName] Editor" joined multi-casting on [225.0.0.222:54997]...

Player connection [10884] Host "[IP] 192.168.1.151 [Port] 0 [Flags] 2 [Guid] 2184264242 [EditorId] 2184264242 [Version] 1048832 [Id] WindowsEditor(7,Illys-Legion-5) [Debug] 1 [PackageName] WindowsEditor [ProjectName] Editor" joined alternative multi-casting on [225.0.0.222:34997]...

Refreshing native plugins compatible for Editor in 100.59 ms, found 4 plugins.
Preloading 0 native plugins for Editor in 0.00 ms.
Initialize engine version: 2021.3.28f1 (232e59c3f087)
[Subsystems] Discovering subsystems at path C:/Program Files/Unity/Hub/Editor/2021.3.28f1/Editor/Data/Resources/UnitySubsystems
[Subsystems] Discovering subsystems at path C:/Users/missa/OneDrive/Documents/GitHub/mobile-design-resub-2/resub 2/Assets
GfxDevice: creating device client; threaded=0; jobified=0
Direct3D:
    Version:  Direct3D 11.0 [level 11.1]
    Renderer: AMD Radeon(TM) Graphics (ID=0x1638)
    Vendor:   ATI
    VRAM:     7094 MB
    Driver:   30.0.14052.9003
Initialize mono
Mono path[0] = 'C:/Program Files/Unity/Hub/Editor/2021.3.28f1/Editor/Data/Managed'
Mono path[1] = 'C:/Program Files/Unity/Hub/Editor/2021.3.28f1/Editor/Data/MonoBleedingEdge/lib/mono/unityjit-win32'
Mono config path = 'C:/Program Files/Unity/Hub/Editor/2021.3.28f1/Editor/Data/MonoBleedingEdge/etc'
Using monoOptions --debugger-agent=transport=dt_socket,embedding=1,server=y,suspend=n,address=127.0.0.1:56928
Begin MonoManager ReloadAssembly
Registering precompiled unity dll's ...
Register platform support module: C:/Program Files/Unity/Hub/Editor/2021.3.28f1/Editor/Data/PlaybackEngines/WindowsStandaloneSupport/UnityEditor.WindowsStandalone.Extensions.dll
Registered in 0.003964 seconds.
Native extension for WindowsStandalone target not found
Refreshing native plugins compatible for Editor in 69.13 ms, found 4 plugins.
Preloading 0 native plugins for Editor in 0.00 ms.
Mono: successfully reloaded assembly
- Completed reload, in  0.516 seconds
Domain Reload Profiling:
	ReloadAssembly (516ms)
		BeginReloadAssembly (73ms)
			ExecutionOrderSort (0ms)
			DisableScriptedObjects (0ms)
			BackupInstance (0ms)
			ReleaseScriptingObjects (0ms)
			CreateAndSetChildDomain (1ms)
		EndReloadAssembly (365ms)
			LoadAssemblies (71ms)
			RebuildTransferFunctionScriptingTraits (0ms)
			SetupTypeCache (77ms)
			ReleaseScriptCaches (0ms)
			RebuildScriptCaches (19ms)
			SetupLoadedEditorAssemblies (228ms)
				LogAssemblyErrors (0ms)
				InitializePlatformSupportModulesInManaged (7ms)
				SetLoadedEditorAssemblies (0ms)
				RefreshPlugins (69ms)
				BeforeProcessingInitializeOnLoad (1ms)
				ProcessInitializeOnLoadAttributes (111ms)
				ProcessInitializeOnLoadMethodAttributes (40ms)
				AfterProcessingInitializeOnLoad (0ms)
				EditorAssembliesLoaded (0ms)
			ExecutionOrderSort2 (0ms)
			AwakeInstancesAfterBackupRestoration (0ms)
Platform modules already initialized, skipping
Registering precompiled user dll's ...
Registered in 0.006761 seconds.
Begin MonoManager ReloadAssembly
Symbol file LoadedFromMemory doesn't match image C:\Users\missa\OneDrive\Documents\GitHub\mobile-design-resub-2\resub 2\Library\PackageCache\com.unity.visualscripting@1.8.0\Editor\VisualScripting.Core\Dependencies\YamlDotNet\Unity.VisualScripting.YamlDotNet.dll
Symbol file LoadedFromMemory doesn't match image C:\Users\missa\OneDrive\Documents\GitHub\mobile-design-resub-2\resub 2\Library\PackageCache\com.unity.visualscripting@1.8.0\Editor\VisualScripting.Core\Dependencies\DotNetZip\Unity.VisualScripting.IonicZip.dll
Native extension for WindowsStandalone target not found
Refreshing native plugins compatible for Editor in 65.60 ms, found 4 plugins.
Preloading 0 native plugins for Editor in 0.00 ms.
Mono: successfully reloaded assembly
- Completed reload, in  0.907 seconds
Domain Reload Profiling:
	ReloadAssembly (907ms)
		BeginReloadAssembly (104ms)
			ExecutionOrderSort (0ms)
			DisableScriptedObjects (5ms)
			BackupInstance (0ms)
			ReleaseScriptingObjects (0ms)
			CreateAndSetChildDomain (20ms)
		EndReloadAssembly (718ms)
			LoadAssemblies (88ms)
			RebuildTransferFunctionScriptingTraits (0ms)
			SetupTypeCache (187ms)
			ReleaseScriptCaches (1ms)
			RebuildScriptCaches (43ms)
			SetupLoadedEditorAssemblies (372ms)
				LogAssemblyErrors (0ms)
				InitializePlatformSupportModulesInManaged (3ms)
				SetLoadedEditorAssemblies (0ms)
				RefreshPlugins (66ms)
				BeforeProcessingInitializeOnLoad (78ms)
				ProcessInitializeOnLoadAttributes (181ms)
				ProcessInitializeOnLoadMethodAttributes (38ms)
				AfterProcessingInitializeOnLoad (6ms)
				EditorAssembliesLoaded (0ms)
			ExecutionOrderSort2 (0ms)
			AwakeInstancesAfterBackupRestoration (5ms)
Platform modules already initialized, skipping
========================================================================
Worker process is ready to serve import requests
Launched and connected shader compiler UnityShaderCompiler.exe after 0.06 seconds
Refreshing native plugins compatible for Editor in 0.64 ms, found 4 plugins.
Preloading 0 native plugins for Editor in 0.00 ms.
Unloading 3793 Unused Serialized files (Serialized files now loaded: 0)
Unloading 41 unused Assets / (219.1 KB). Loaded Objects now: 4246.
Memory consumption went from 144.3 MB to 144.1 MB.
Total: 2.732400 ms (FindLiveObjects: 0.254200 ms CreateObjectMapping: 0.099700 ms MarkObjects: 2.226500 ms  DeleteObjects: 0.151400 ms)

AssetImportParameters requested are different than current active one (requested -> active):
  custom:video-decoder-ogg-theora: a1e56fd34408186e4bbccfd4996cb3dc -> 
  custom:container-muxer-webm: aa71ff27fc2769a1b78a27578f13a17b -> 
  custom:container-demuxer-webm: 4f35f7cbe854078d1ac9338744f61a02 -> 
  custom:video-encoder-webm-vp8: eb34c28f22e8b96e1ab97ce403110664 -> 
  custom:video-codec-MediaFoundation-h265: 746d11721c4dcdbdad8f713fa42b33f4 -> 
  custom:audio-encoder-webm-vorbis: bf7c407c2cedff20999df2af8eb42d56 -> 
  custom:framework-win-MediaFoundation: 216162199b28c13a410421893ffa2e32 -> 
  custom:container-demuxer-ogg: 62fdf1f143b41e24485cea50d1cbac27 -> 
  custom:video-decoder-webm-vp8: 9c59270c3fd7afecdb556c50c9e8de78 -> 
  custom:audio-decoder-ogg-vorbis: bf7c407c2cedff20999df2af8eb42d56 -> 
========================================================================
Received Import Request.
  Time since last request: 270115.743990 seconds.
  path: Assets/animations/player.PNG
  artifactKey: Guid(21946ed254e352c46ae4bfc5f2ad4fb3) Importer(815301076,1909f56bfc062723c751e8b465ee728b)
Start importing Assets/animations/player.PNG using Guid(21946ed254e352c46ae4bfc5f2ad4fb3) Importer(815301076,1909f56bfc062723c751e8b465ee728b)  -> (artifact id: 'ca69e44483f0c9ab6c1998ea119123af') in 0.147161 seconds 
========================================================================
Received Import Request.
  Time since last request: 66.975266 seconds.
  path: Assets/tiles for second puzzle/corner.png
  artifactKey: Guid(4552b3e8b2d585d4bb2afda9ac2aab60) Importer(815301076,1909f56bfc062723c751e8b465ee728b)
Start importing Assets/tiles for second puzzle/corner.png using Guid(4552b3e8b2d585d4bb2afda9ac2aab60) Importer(815301076,1909f56bfc062723c751e8b465ee728b)  -> (artifact id: '12416329d444a52c86507438419fe594') in 0.022447 seconds 
========================================================================
Received Import Request.
  Time since last request: 1.572396 seconds.
  path: Assets/puzzle pieces for level 2/IMG_1695.PNG
  artifactKey: Guid(87bceea4102960f408ae7dcf6f620f50) Importer(815301076,1909f56bfc062723c751e8b465ee728b)
Start importing Assets/puzzle pieces for level 2/IMG_1695.PNG using Guid(87bceea4102960f408ae7dcf6f620f50) Importer(815301076,1909f56bfc062723c751e8b465ee728b)  -> (artifact id: 'dc1f271339c4abc7ece193ce6fa86bf4') in 0.034666 seconds 
========================================================================
Received Import Request.
  Time since last request: 0.000046 seconds.
  path: Assets/puzzle pieces for level 2/IMG_1707.PNG
  artifactKey: Guid(ff5c5c2ecc05b524f86e48e93ebfbdd6) Importer(815301076,1909f56bfc062723c751e8b465ee728b)
Start importing Assets/puzzle pieces for level 2/IMG_1707.PNG using Guid(ff5c5c2ecc05b524f86e48e93ebfbdd6) Importer(815301076,1909f56bfc062723c751e8b465ee728b)  -> (artifact id: 'a1d4e1bce5198c1bf07bb932026ea52e') in 0.032662 seconds 
========================================================================
Received Import Request.
  Time since last request: 0.000124 seconds.
  path: Assets/puzzle pieces for level 2/IMG_1708.PNG
  artifactKey: Guid(7341577844b6d4f4f92c08937fc2dc96) Importer(815301076,1909f56bfc062723c751e8b465ee728b)
Start importing Assets/puzzle pieces for level 2/IMG_1708.PNG using Guid(7341577844b6d4f4f92c08937fc2dc96) Importer(815301076,1909f56bfc062723c751e8b465ee728b)  -> (artifact id: '81272e5c13aee5b58d1a1afa314696af') in 0.035305 seconds 
========================================================================
Received Import Request.
  Time since last request: 0.000040 seconds.
  path: Assets/puzzle pieces for level 2/IMG_1699.PNG
  artifactKey: Guid(9224711921dfa294fbd4aa0bb9bbba12) Importer(815301076,1909f56bfc062723c751e8b465ee728b)
Start importing Assets/puzzle pieces for level 2/IMG_1699.PNG using Guid(9224711921dfa294fbd4aa0bb9bbba12) Importer(815301076,1909f56bfc062723c751e8b465ee728b)  -> (artifact id: '93e90fa6b63ada80eed251190f41b857') in 0.032327 seconds 
========================================================================
Received Import Request.
  Time since last request: 0.000044 seconds.
  path: Assets/puzzle pieces for level 2/IMG_1701.PNG
  artifactKey: Guid(00a73c1155ff22448b1b2ddd411b7059) Importer(815301076,1909f56bfc062723c751e8b465ee728b)
Start importing Assets/puzzle pieces for level 2/IMG_1701.PNG using Guid(00a73c1155ff22448b1b2ddd411b7059) Importer(815301076,1909f56bfc062723c751e8b465ee728b)  -> (artifact id: 'ddebd365250c2ddb6f07c39b126156c2') in 0.029987 seconds 
========================================================================
Received Import Request.
  Time since last request: 0.000038 seconds.
  path: Assets/puzzle pieces for level 2/IMG_1703.PNG
  artifactKey: Guid(fe31d56f8410b014bba00e206e4c5891) Importer(815301076,1909f56bfc062723c751e8b465ee728b)
Start importing Assets/puzzle pieces for level 2/IMG_1703.PNG using Guid(fe31d56f8410b014bba00e206e4c5891) Importer(815301076,1909f56bfc062723c751e8b465ee728b)  -> (artifact id: '04bbd0abf7ee052bf151e5df457d0838') in 0.029908 seconds 
========================================================================
Received Import Request.
  Time since last request: 0.000055 seconds.
  path: Assets/puzzle pieces for level 2/IMG_1697.PNG
  artifactKey: Guid(397207695a610e743ae74ea43ba7af28) Importer(815301076,1909f56bfc062723c751e8b465ee728b)
Start importing Assets/puzzle pieces for level 2/IMG_1697.PNG using Guid(397207695a610e743ae74ea43ba7af28) Importer(815301076,1909f56bfc062723c751e8b465ee728b)  -> (artifact id: '932cb78230f9cbd458d30d324aa5b914') in 0.033605 seconds 
========================================================================
Received Import Request.
  Time since last request: 0.000061 seconds.
  path: Assets/puzzle pieces for level 2/IMG_1704.PNG
  artifactKey: Guid(c532d1e8026dbe049b8f5a072451a90a) Importer(815301076,1909f56bfc062723c751e8b465ee728b)
Start importing Assets/puzzle pieces for level 2/IMG_1704.PNG using Guid(c532d1e8026dbe049b8f5a072451a90a) Importer(815301076,1909f56bfc062723c751e8b465ee728b)  -> (artifact id: '0d8bbddbfe8e6d1f14ec24ee5b84c5d2') in 0.030373 seconds 
Editor requested this worker to shutdown with reason: Scaling down because of idle timeout
AssetImportWorker is now disconnected from the server
Process exiting
Exiting without the bug reporter. Application will terminate with return code 0